2019-01-23 11:03:08,432 - 
2019-01-23 11:03:08,432 - DfFlutistLog4JLogSystem initialized using logfile './log/velocity.log'
2019-01-23 11:03:08,432 - Initializing Velocity, Calling init()...
2019-01-23 11:03:08,432 - *******************************************************************
2019-01-23 11:03:08,432 - Starting Apache Velocity v1.7 (compiled: 2010-11-19 12:14:37)
2019-01-23 11:03:08,432 - RuntimeInstance initializing.
2019-01-23 11:03:08,432 - Default Properties File: org/apache/velocity/runtime/defaults/velocity.properties
2019-01-23 11:03:08,432 - Trying to use logger class org.dbflute.friends.velocity.DfFlutistLog4JLogSystem
2019-01-23 11:03:08,432 - Using logger class org.dbflute.friends.velocity.DfFlutistLog4JLogSystem
2019-01-23 11:03:08,434 - Default ResourceManager initializing. (class org.apache.velocity.runtime.resource.ResourceManagerImpl)
2019-01-23 11:03:08,436 - ResourceLoader instantiated: org.apache.velocity.runtime.resource.loader.FileResourceLoader
2019-01-23 11:03:08,436 - FileResourceLoader : initialization starting.
2019-01-23 11:03:08,437 - Do unicode file recognition:  false
2019-01-23 11:03:08,437 - FileResourceLoader : adding path '/Users/kotaro.nishiyama/IdeaProjects/kotlin-spling-boot/mydbflute/dbflute-1.1.9/templates'
2019-01-23 11:03:08,437 - FileResourceLoader : initialization complete.
2019-01-23 11:03:08,442 - ResourceCache: initialized (class org.apache.velocity.runtime.resource.ResourceCacheImpl) with class java.util.Collections$SynchronizedMap cache map.
2019-01-23 11:03:08,442 - Default ResourceManager initialization complete.
2019-01-23 11:03:08,443 - Loaded System Directive: org.apache.velocity.runtime.directive.Stop
2019-01-23 11:03:08,444 - Loaded System Directive: org.apache.velocity.runtime.directive.Define
2019-01-23 11:03:08,444 - Loaded System Directive: org.apache.velocity.runtime.directive.Break
2019-01-23 11:03:08,445 - Loaded System Directive: org.apache.velocity.runtime.directive.Evaluate
2019-01-23 11:03:08,445 - Loaded System Directive: org.apache.velocity.runtime.directive.Literal
2019-01-23 11:03:08,447 - Loaded System Directive: org.apache.velocity.runtime.directive.Macro
2019-01-23 11:03:08,447 - Loaded System Directive: org.apache.velocity.runtime.directive.Parse
2019-01-23 11:03:08,448 - Loaded System Directive: org.apache.velocity.runtime.directive.Include
2019-01-23 11:03:08,449 - Loaded System Directive: org.apache.velocity.runtime.directive.Foreach
2019-01-23 11:03:08,474 - Created '20' parsers.
2019-01-23 11:03:08,478 - Velocimacro : initialization starting.
2019-01-23 11:03:08,478 - Velocimacro : "velocimacro.library" is not set.  Trying default library: VM_global_library.vm
2019-01-23 11:03:08,478 - Velocimacro : Default library not found.
2019-01-23 11:03:08,478 - Velocimacro : allowInline = true : VMs can be defined inline in templates
2019-01-23 11:03:08,478 - Velocimacro : allowInlineToOverride = false : VMs defined inline may NOT replace previous VM definitions
2019-01-23 11:03:08,479 - Velocimacro : allowInlineLocal = false : VMs defined inline will be global in scope if allowed.
2019-01-23 11:03:08,479 - Velocimacro : autoload off : VM system will not automatically reload global library macros
2019-01-23 11:03:08,479 - Velocimacro : Velocimacro : initialization complete.
2019-01-23 11:03:08,479 - RuntimeInstance successfully initialized.
2019-01-23 11:03:08,492 - ResourceManager : found doc/ControlDocument.vm with loader org.apache.velocity.runtime.resource.loader.FileResourceLoader
2019-01-23 11:03:08,569 - Velocimacro : added VM escape: source=doc/html/datamodel.vm
2019-01-23 11:03:08,570 - ResourceManager : found doc/html/datamodel.vm with loader org.apache.velocity.runtime.resource.loader.FileResourceLoader
2019-01-23 11:03:08,595 - ResourceManager : found doc/html/table.vm with loader org.apache.velocity.runtime.resource.loader.FileResourceLoader
2019-01-23 11:03:08,607 - ResourceManager : found doc/html/table.vm with loader org.apache.velocity.runtime.resource.loader.FileResourceLoader
2019-01-23 11:03:08,617 - Velocimacro : VM addition rejected : escape : inline not allowed to replace existing VM
2019-01-23 11:03:08,617 - ResourceManager : found doc/html/diffmodel.vm with loader org.apache.velocity.runtime.resource.loader.FileResourceLoader
2019-01-23 11:03:09,767 - 
2019-01-23 11:03:09,767 - DfFlutistLog4JLogSystem initialized using logfile './log/velocity.log'
2019-01-23 11:03:09,767 - Initializing Velocity, Calling init()...
2019-01-23 11:03:09,767 - *******************************************************************
2019-01-23 11:03:09,767 - Starting Apache Velocity v1.7 (compiled: 2010-11-19 12:14:37)
2019-01-23 11:03:09,767 - RuntimeInstance initializing.
2019-01-23 11:03:09,767 - Default Properties File: org/apache/velocity/runtime/defaults/velocity.properties
2019-01-23 11:03:09,767 - Trying to use logger class org.dbflute.friends.velocity.DfFlutistLog4JLogSystem
2019-01-23 11:03:09,767 - Using logger class org.dbflute.friends.velocity.DfFlutistLog4JLogSystem
2019-01-23 11:03:09,768 - Default ResourceManager initializing. (class org.apache.velocity.runtime.resource.ResourceManagerImpl)
2019-01-23 11:03:09,771 - ResourceLoader instantiated: org.apache.velocity.runtime.resource.loader.FileResourceLoader
2019-01-23 11:03:09,771 - FileResourceLoader : initialization starting.
2019-01-23 11:03:09,771 - Do unicode file recognition:  false
2019-01-23 11:03:09,771 - FileResourceLoader : adding path '/Users/kotaro.nishiyama/IdeaProjects/kotlin-spling-boot/mydbflute/dbflute-1.1.9/templates'
2019-01-23 11:03:09,771 - FileResourceLoader : initialization complete.
2019-01-23 11:03:09,777 - ResourceCache: initialized (class org.apache.velocity.runtime.resource.ResourceCacheImpl) with class java.util.Collections$SynchronizedMap cache map.
2019-01-23 11:03:09,777 - Default ResourceManager initialization complete.
2019-01-23 11:03:09,778 - Loaded System Directive: org.apache.velocity.runtime.directive.Stop
2019-01-23 11:03:09,779 - Loaded System Directive: org.apache.velocity.runtime.directive.Define
2019-01-23 11:03:09,779 - Loaded System Directive: org.apache.velocity.runtime.directive.Break
2019-01-23 11:03:09,780 - Loaded System Directive: org.apache.velocity.runtime.directive.Evaluate
2019-01-23 11:03:09,781 - Loaded System Directive: org.apache.velocity.runtime.directive.Literal
2019-01-23 11:03:09,781 - Loaded System Directive: org.apache.velocity.runtime.directive.Macro
2019-01-23 11:03:09,782 - Loaded System Directive: org.apache.velocity.runtime.directive.Parse
2019-01-23 11:03:09,783 - Loaded System Directive: org.apache.velocity.runtime.directive.Include
2019-01-23 11:03:09,783 - Loaded System Directive: org.apache.velocity.runtime.directive.Foreach
2019-01-23 11:03:09,801 - Created '20' parsers.
2019-01-23 11:03:09,805 - Velocimacro : initialization starting.
2019-01-23 11:03:09,805 - Velocimacro : "velocimacro.library" is not set.  Trying default library: VM_global_library.vm
2019-01-23 11:03:09,805 - Velocimacro : Default library not found.
2019-01-23 11:03:09,805 - Velocimacro : allowInline = true : VMs can be defined inline in templates
2019-01-23 11:03:09,805 - Velocimacro : allowInlineToOverride = false : VMs defined inline may NOT replace previous VM definitions
2019-01-23 11:03:09,805 - Velocimacro : allowInlineLocal = false : VMs defined inline will be global in scope if allowed.
2019-01-23 11:03:09,805 - Velocimacro : autoload off : VM system will not automatically reload global library macros
2019-01-23 11:03:09,805 - Velocimacro : Velocimacro : initialization complete.
2019-01-23 11:03:09,805 - RuntimeInstance successfully initialized.
2019-01-23 11:03:09,842 - ResourceManager : found om/ControlGenerateJava.vm with loader org.apache.velocity.runtime.resource.loader.FileResourceLoader
2019-01-23 11:03:09,877 - ResourceManager : found om/java/allcommon/DBCurrent.vm with loader org.apache.velocity.runtime.resource.loader.FileResourceLoader
2019-01-23 11:03:09,882 - ResourceManager : found om/java/allcommon/DBFluteConfig.vm with loader org.apache.velocity.runtime.resource.loader.FileResourceLoader
2019-01-23 11:03:09,885 - Null reference [template 'om/java/allcommon/DBFluteConfig.vm', line 1158, column 59] : $PoolGuardConnectionWrapper cannot be resolved.
2019-01-23 11:03:09,887 - ResourceManager : found om/java/allcommon/DBFluteInitializer.vm with loader org.apache.velocity.runtime.resource.loader.FileResourceLoader
2019-01-23 11:03:09,889 - ResourceManager : found om/java/allcommon/DBMetaInstanceHandler.vm with loader org.apache.velocity.runtime.resource.loader.FileResourceLoader
2019-01-23 11:03:09,897 - ResourceManager : found om/java/allcommon/EntityDefinedCommonColumn.vm with loader org.apache.velocity.runtime.resource.loader.FileResourceLoader
2019-01-23 11:03:09,899 - ResourceManager : found om/java/allcommon/ImplementedBehaviorSelector.vm with loader org.apache.velocity.runtime.resource.loader.FileResourceLoader
2019-01-23 11:03:09,901 - ResourceManager : found om/java/allcommon/ImplementedCommonColumnAutoSetupper.vm with loader org.apache.velocity.runtime.resource.loader.FileResourceLoader
2019-01-23 11:03:09,903 - ResourceManager : found om/java/allcommon/ImplementedInvokerAssistant.vm with loader org.apache.velocity.runtime.resource.loader.FileResourceLoader
2019-01-23 11:03:09,904 - ResourceManager : found om/java/allcommon/ImplementedSqlClauseCreator.vm with loader org.apache.velocity.runtime.resource.loader.FileResourceLoader
2019-01-23 11:03:09,908 - ResourceManager : found om/java/allcommon/container/spring/SpringDBFluteBeansJavaConfig.vm with loader org.apache.velocity.runtime.resource.loader.FileResourceLoader
2019-01-23 11:03:09,926 - Null reference [template 'om/ControlGenerateJava.vm', line 293, column 38] : ${glPackageExtendedDao} cannot be resolved.
2019-01-23 11:03:09,926 - Null reference [template 'om/ControlGenerateJava.vm', line 296, column 34] : ${glPackageBaseDao} cannot be resolved.
2019-01-23 11:03:09,937 - ResourceManager : found om/java/bsbhv/BaseBhv.vm with loader org.apache.velocity.runtime.resource.loader.FileResourceLoader
2019-01-23 11:03:09,956 - ResourceManager : found om/java/bsbhv/ReferrerLoader.vm with loader org.apache.velocity.runtime.resource.loader.FileResourceLoader
2019-01-23 11:03:09,962 - ResourceManager : found om/java/bsentity/BaseEntity.vm with loader org.apache.velocity.runtime.resource.loader.FileResourceLoader
2019-01-23 11:03:09,975 - ResourceManager : found om/java/bsentity/dbmeta/DBMetaImpl.vm with loader org.apache.velocity.runtime.resource.loader.FileResourceLoader
2019-01-23 11:03:09,980 - ResourceManager : found om/java/exbhv/ExtendedBhv.vm with loader org.apache.velocity.runtime.resource.loader.FileResourceLoader
2019-01-23 11:03:09,982 - ResourceManager : found om/java/exentity/ExtendedEntity.vm with loader org.apache.velocity.runtime.resource.loader.FileResourceLoader
2019-01-23 11:03:09,988 - ResourceManager : found om/java/cbean/BsConditionBean.vm with loader org.apache.velocity.runtime.resource.loader.FileResourceLoader
2019-01-23 11:03:10,001 - ResourceManager : found om/java/cbean/AbstractBsConditionQuery.vm with loader org.apache.velocity.runtime.resource.loader.FileResourceLoader
2019-01-23 11:03:10,003 - RHS of #set statement is null. Context will not be modified. om/java/cbean/AbstractBsConditionQuery.vm[line 70, column 1]
2019-01-23 11:03:10,004 - RHS of #set statement is null. Context will not be modified. om/java/cbean/AbstractBsConditionQuery.vm[line 70, column 1]
2019-01-23 11:03:10,005 - RHS of #set statement is null. Context will not be modified. om/java/cbean/AbstractBsConditionQuery.vm[line 70, column 1]
2019-01-23 11:03:10,011 - ResourceManager : found om/java/cbean/BsConditionInlineQuery.vm with loader org.apache.velocity.runtime.resource.loader.FileResourceLoader
2019-01-23 11:03:10,012 - RHS of #set statement is null. Context will not be modified. om/java/cbean/BsConditionInlineQuery.vm[line 84, column 1]
2019-01-23 11:03:10,012 - RHS of #set statement is null. Context will not be modified. om/java/cbean/BsConditionInlineQuery.vm[line 84, column 1]
2019-01-23 11:03:10,012 - RHS of #set statement is null. Context will not be modified. om/java/cbean/BsConditionInlineQuery.vm[line 84, column 1]
2019-01-23 11:03:10,019 - ResourceManager : found om/java/cbean/BsConditionQuery.vm with loader org.apache.velocity.runtime.resource.loader.FileResourceLoader
2019-01-23 11:03:10,019 - RHS of #set statement is null. Context will not be modified. om/java/cbean/BsConditionQuery.vm[line 104, column 1]
2019-01-23 11:03:10,019 - RHS of #set statement is null. Context will not be modified. om/java/cbean/BsConditionQuery.vm[line 104, column 1]
2019-01-23 11:03:10,020 - RHS of #set statement is null. Context will not be modified. om/java/cbean/BsConditionQuery.vm[line 104, column 1]
2019-01-23 11:03:10,022 - ResourceManager : found om/java/cbean/NestSelectSetupper.vm with loader org.apache.velocity.runtime.resource.loader.FileResourceLoader
2019-01-23 11:03:10,024 - ResourceManager : found om/java/cbean/ExConditionBean.vm with loader org.apache.velocity.runtime.resource.loader.FileResourceLoader
2019-01-23 11:03:10,024 - ResourceManager : found om/java/cbean/ExConditionQuery.vm with loader org.apache.velocity.runtime.resource.loader.FileResourceLoader
2019-01-23 11:03:10,025 - Null reference [template 'om/ControlGenerateJava.vm', line 293, column 38] : ${glPackageExtendedDao} cannot be resolved.
2019-01-23 11:03:10,025 - Null reference [template 'om/ControlGenerateJava.vm', line 296, column 34] : ${glPackageBaseDao} cannot be resolved.
2019-01-23 11:03:10,031 - ResourceManager : found om/java/bsbhv/BaseBhv.vm with loader org.apache.velocity.runtime.resource.loader.FileResourceLoader
2019-01-23 11:03:10,038 - ResourceManager : found om/java/bsbhv/ReferrerLoader.vm with loader org.apache.velocity.runtime.resource.loader.FileResourceLoader
2019-01-23 11:03:10,042 - ResourceManager : found om/java/bsentity/BaseEntity.vm with loader org.apache.velocity.runtime.resource.loader.FileResourceLoader
2019-01-23 11:03:10,048 - ResourceManager : found om/java/bsentity/dbmeta/DBMetaImpl.vm with loader org.apache.velocity.runtime.resource.loader.FileResourceLoader
2019-01-23 11:03:10,051 - ResourceManager : found om/java/exbhv/ExtendedBhv.vm with loader org.apache.velocity.runtime.resource.loader.FileResourceLoader
2019-01-23 11:03:10,052 - ResourceManager : found om/java/exentity/ExtendedEntity.vm with loader org.apache.velocity.runtime.resource.loader.FileResourceLoader
2019-01-23 11:03:10,057 - ResourceManager : found om/java/cbean/BsConditionBean.vm with loader org.apache.velocity.runtime.resource.loader.FileResourceLoader
2019-01-23 11:03:10,058 - Null reference [template 'om/java/cbean/BsConditionBean.vm', line 442, column 118] : ${dynamicFixedConditionVariables} cannot be resolved.
2019-01-23 11:03:10,066 - ResourceManager : found om/java/cbean/AbstractBsConditionQuery.vm with loader org.apache.velocity.runtime.resource.loader.FileResourceLoader
2019-01-23 11:03:10,066 - RHS of #set statement is null. Context will not be modified. om/java/cbean/AbstractBsConditionQuery.vm[line 70, column 1]
2019-01-23 11:03:10,067 - RHS of #set statement is null. Context will not be modified. om/java/cbean/AbstractBsConditionQuery.vm[line 70, column 1]
2019-01-23 11:03:10,071 - ResourceManager : found om/java/cbean/BsConditionInlineQuery.vm with loader org.apache.velocity.runtime.resource.loader.FileResourceLoader
2019-01-23 11:03:10,071 - RHS of #set statement is null. Context will not be modified. om/java/cbean/BsConditionInlineQuery.vm[line 84, column 1]
2019-01-23 11:03:10,071 - RHS of #set statement is null. Context will not be modified. om/java/cbean/BsConditionInlineQuery.vm[line 84, column 1]
2019-01-23 11:03:10,076 - ResourceManager : found om/java/cbean/BsConditionQuery.vm with loader org.apache.velocity.runtime.resource.loader.FileResourceLoader
2019-01-23 11:03:10,076 - RHS of #set statement is null. Context will not be modified. om/java/cbean/BsConditionQuery.vm[line 104, column 1]
2019-01-23 11:03:10,076 - RHS of #set statement is null. Context will not be modified. om/java/cbean/BsConditionQuery.vm[line 104, column 1]
2019-01-23 11:03:10,078 - ResourceManager : found om/java/cbean/NestSelectSetupper.vm with loader org.apache.velocity.runtime.resource.loader.FileResourceLoader
2019-01-23 11:03:10,080 - ResourceManager : found om/java/cbean/ExConditionBean.vm with loader org.apache.velocity.runtime.resource.loader.FileResourceLoader
2019-01-23 11:03:10,080 - ResourceManager : found om/java/cbean/ExConditionQuery.vm with loader org.apache.velocity.runtime.resource.loader.FileResourceLoader
2019-01-23 11:03:10,972 - 
2019-01-23 11:03:10,972 - DfFlutistLog4JLogSystem initialized using logfile './log/velocity.log'
2019-01-23 11:03:10,972 - Initializing Velocity, Calling init()...
2019-01-23 11:03:10,972 - *******************************************************************
2019-01-23 11:03:10,972 - Starting Apache Velocity v1.7 (compiled: 2010-11-19 12:14:37)
2019-01-23 11:03:10,972 - RuntimeInstance initializing.
2019-01-23 11:03:10,972 - Default Properties File: org/apache/velocity/runtime/defaults/velocity.properties
2019-01-23 11:03:10,972 - Trying to use logger class org.dbflute.friends.velocity.DfFlutistLog4JLogSystem
2019-01-23 11:03:10,972 - Using logger class org.dbflute.friends.velocity.DfFlutistLog4JLogSystem
2019-01-23 11:03:10,973 - Default ResourceManager initializing. (class org.apache.velocity.runtime.resource.ResourceManagerImpl)
2019-01-23 11:03:10,975 - ResourceLoader instantiated: org.apache.velocity.runtime.resource.loader.FileResourceLoader
2019-01-23 11:03:10,975 - FileResourceLoader : initialization starting.
2019-01-23 11:03:10,975 - Do unicode file recognition:  false
2019-01-23 11:03:10,975 - FileResourceLoader : adding path '/Users/kotaro.nishiyama/IdeaProjects/kotlin-spling-boot/mydbflute/dbflute-1.1.9/templates'
2019-01-23 11:03:10,975 - FileResourceLoader : initialization complete.
2019-01-23 11:03:10,981 - ResourceCache: initialized (class org.apache.velocity.runtime.resource.ResourceCacheImpl) with class java.util.Collections$SynchronizedMap cache map.
2019-01-23 11:03:10,981 - Default ResourceManager initialization complete.
2019-01-23 11:03:10,981 - Loaded System Directive: org.apache.velocity.runtime.directive.Stop
2019-01-23 11:03:10,982 - Loaded System Directive: org.apache.velocity.runtime.directive.Define
2019-01-23 11:03:10,983 - Loaded System Directive: org.apache.velocity.runtime.directive.Break
2019-01-23 11:03:10,983 - Loaded System Directive: org.apache.velocity.runtime.directive.Evaluate
2019-01-23 11:03:10,984 - Loaded System Directive: org.apache.velocity.runtime.directive.Literal
2019-01-23 11:03:10,984 - Loaded System Directive: org.apache.velocity.runtime.directive.Macro
2019-01-23 11:03:10,985 - Loaded System Directive: org.apache.velocity.runtime.directive.Parse
2019-01-23 11:03:10,986 - Loaded System Directive: org.apache.velocity.runtime.directive.Include
2019-01-23 11:03:10,987 - Loaded System Directive: org.apache.velocity.runtime.directive.Foreach
2019-01-23 11:03:11,010 - Created '20' parsers.
2019-01-23 11:03:11,014 - Velocimacro : initialization starting.
2019-01-23 11:03:11,014 - Velocimacro : "velocimacro.library" is not set.  Trying default library: VM_global_library.vm
2019-01-23 11:03:11,014 - Velocimacro : Default library not found.
2019-01-23 11:03:11,014 - Velocimacro : allowInline = true : VMs can be defined inline in templates
2019-01-23 11:03:11,014 - Velocimacro : allowInlineToOverride = false : VMs defined inline may NOT replace previous VM definitions
2019-01-23 11:03:11,014 - Velocimacro : allowInlineLocal = false : VMs defined inline will be global in scope if allowed.
2019-01-23 11:03:11,014 - Velocimacro : autoload off : VM system will not automatically reload global library macros
2019-01-23 11:03:11,014 - Velocimacro : Velocimacro : initialization complete.
2019-01-23 11:03:11,014 - RuntimeInstance successfully initialized.
2019-01-23 11:03:11,043 - ResourceManager : found om/ControlSql2EntityJava.vm with loader org.apache.velocity.runtime.resource.loader.FileResourceLoader
2019-01-23 19:32:48,148 - 
2019-01-23 19:32:48,148 - DfFlutistLog4JLogSystem initialized using logfile './log/velocity.log'
2019-01-23 19:32:48,148 - Initializing Velocity, Calling init()...
2019-01-23 19:32:48,148 - *******************************************************************
2019-01-23 19:32:48,149 - Starting Apache Velocity v1.7 (compiled: 2010-11-19 12:14:37)
2019-01-23 19:32:48,149 - RuntimeInstance initializing.
2019-01-23 19:32:48,149 - Default Properties File: org/apache/velocity/runtime/defaults/velocity.properties
2019-01-23 19:32:48,149 - Trying to use logger class org.dbflute.friends.velocity.DfFlutistLog4JLogSystem
2019-01-23 19:32:48,149 - Using logger class org.dbflute.friends.velocity.DfFlutistLog4JLogSystem
2019-01-23 19:32:48,150 - Default ResourceManager initializing. (class org.apache.velocity.runtime.resource.ResourceManagerImpl)
2019-01-23 19:32:48,152 - ResourceLoader instantiated: org.apache.velocity.runtime.resource.loader.FileResourceLoader
2019-01-23 19:32:48,153 - FileResourceLoader : initialization starting.
2019-01-23 19:32:48,153 - Do unicode file recognition:  false
2019-01-23 19:32:48,153 - FileResourceLoader : adding path '/Users/kotaro.nishiyama/IdeaProjects/kotlin-spling-boot/mydbflute/dbflute-1.1.9/templates'
2019-01-23 19:32:48,153 - FileResourceLoader : initialization complete.
2019-01-23 19:32:48,160 - ResourceCache: initialized (class org.apache.velocity.runtime.resource.ResourceCacheImpl) with class java.util.Collections$SynchronizedMap cache map.
2019-01-23 19:32:48,160 - Default ResourceManager initialization complete.
2019-01-23 19:32:48,161 - Loaded System Directive: org.apache.velocity.runtime.directive.Stop
2019-01-23 19:32:48,162 - Loaded System Directive: org.apache.velocity.runtime.directive.Define
2019-01-23 19:32:48,162 - Loaded System Directive: org.apache.velocity.runtime.directive.Break
2019-01-23 19:32:48,163 - Loaded System Directive: org.apache.velocity.runtime.directive.Evaluate
2019-01-23 19:32:48,163 - Loaded System Directive: org.apache.velocity.runtime.directive.Literal
2019-01-23 19:32:48,164 - Loaded System Directive: org.apache.velocity.runtime.directive.Macro
2019-01-23 19:32:48,165 - Loaded System Directive: org.apache.velocity.runtime.directive.Parse
2019-01-23 19:32:48,165 - Loaded System Directive: org.apache.velocity.runtime.directive.Include
2019-01-23 19:32:48,166 - Loaded System Directive: org.apache.velocity.runtime.directive.Foreach
2019-01-23 19:32:48,185 - Created '20' parsers.
2019-01-23 19:32:48,196 - Velocimacro : initialization starting.
2019-01-23 19:32:48,196 - Velocimacro : "velocimacro.library" is not set.  Trying default library: VM_global_library.vm
2019-01-23 19:32:48,196 - Velocimacro : Default library not found.
2019-01-23 19:32:48,196 - Velocimacro : allowInline = true : VMs can be defined inline in templates
2019-01-23 19:32:48,196 - Velocimacro : allowInlineToOverride = false : VMs defined inline may NOT replace previous VM definitions
2019-01-23 19:32:48,196 - Velocimacro : allowInlineLocal = false : VMs defined inline will be global in scope if allowed.
2019-01-23 19:32:48,196 - Velocimacro : autoload off : VM system will not automatically reload global library macros
2019-01-23 19:32:48,196 - Velocimacro : Velocimacro : initialization complete.
2019-01-23 19:32:48,196 - RuntimeInstance successfully initialized.
2019-01-23 19:32:48,209 - ResourceManager : found doc/ControlDocument.vm with loader org.apache.velocity.runtime.resource.loader.FileResourceLoader
2019-01-23 19:32:48,290 - Velocimacro : added VM escape: source=doc/html/datamodel.vm
2019-01-23 19:32:48,291 - ResourceManager : found doc/html/datamodel.vm with loader org.apache.velocity.runtime.resource.loader.FileResourceLoader
2019-01-23 19:32:48,318 - ResourceManager : found doc/html/table.vm with loader org.apache.velocity.runtime.resource.loader.FileResourceLoader
2019-01-23 19:32:48,330 - ResourceManager : found doc/html/table.vm with loader org.apache.velocity.runtime.resource.loader.FileResourceLoader
2019-01-23 19:32:48,340 - Velocimacro : VM addition rejected : escape : inline not allowed to replace existing VM
2019-01-23 19:32:48,341 - ResourceManager : found doc/html/diffmodel.vm with loader org.apache.velocity.runtime.resource.loader.FileResourceLoader
2019-01-23 19:32:49,490 - 
2019-01-23 19:32:49,490 - DfFlutistLog4JLogSystem initialized using logfile './log/velocity.log'
2019-01-23 19:32:49,490 - Initializing Velocity, Calling init()...
2019-01-23 19:32:49,490 - *******************************************************************
2019-01-23 19:32:49,490 - Starting Apache Velocity v1.7 (compiled: 2010-11-19 12:14:37)
2019-01-23 19:32:49,490 - RuntimeInstance initializing.
2019-01-23 19:32:49,490 - Default Properties File: org/apache/velocity/runtime/defaults/velocity.properties
2019-01-23 19:32:49,490 - Trying to use logger class org.dbflute.friends.velocity.DfFlutistLog4JLogSystem
2019-01-23 19:32:49,490 - Using logger class org.dbflute.friends.velocity.DfFlutistLog4JLogSystem
2019-01-23 19:32:49,491 - Default ResourceManager initializing. (class org.apache.velocity.runtime.resource.ResourceManagerImpl)
2019-01-23 19:32:49,492 - ResourceLoader instantiated: org.apache.velocity.runtime.resource.loader.FileResourceLoader
2019-01-23 19:32:49,493 - FileResourceLoader : initialization starting.
2019-01-23 19:32:49,493 - Do unicode file recognition:  false
2019-01-23 19:32:49,493 - FileResourceLoader : adding path '/Users/kotaro.nishiyama/IdeaProjects/kotlin-spling-boot/mydbflute/dbflute-1.1.9/templates'
2019-01-23 19:32:49,493 - FileResourceLoader : initialization complete.
2019-01-23 19:32:49,498 - ResourceCache: initialized (class org.apache.velocity.runtime.resource.ResourceCacheImpl) with class java.util.Collections$SynchronizedMap cache map.
2019-01-23 19:32:49,498 - Default ResourceManager initialization complete.
2019-01-23 19:32:49,499 - Loaded System Directive: org.apache.velocity.runtime.directive.Stop
2019-01-23 19:32:49,500 - Loaded System Directive: org.apache.velocity.runtime.directive.Define
2019-01-23 19:32:49,500 - Loaded System Directive: org.apache.velocity.runtime.directive.Break
2019-01-23 19:32:49,501 - Loaded System Directive: org.apache.velocity.runtime.directive.Evaluate
2019-01-23 19:32:49,501 - Loaded System Directive: org.apache.velocity.runtime.directive.Literal
2019-01-23 19:32:49,502 - Loaded System Directive: org.apache.velocity.runtime.directive.Macro
2019-01-23 19:32:49,502 - Loaded System Directive: org.apache.velocity.runtime.directive.Parse
2019-01-23 19:32:49,503 - Loaded System Directive: org.apache.velocity.runtime.directive.Include
2019-01-23 19:32:49,504 - Loaded System Directive: org.apache.velocity.runtime.directive.Foreach
2019-01-23 19:32:49,521 - Created '20' parsers.
2019-01-23 19:32:49,525 - Velocimacro : initialization starting.
2019-01-23 19:32:49,525 - Velocimacro : "velocimacro.library" is not set.  Trying default library: VM_global_library.vm
2019-01-23 19:32:49,525 - Velocimacro : Default library not found.
2019-01-23 19:32:49,525 - Velocimacro : allowInline = true : VMs can be defined inline in templates
2019-01-23 19:32:49,525 - Velocimacro : allowInlineToOverride = false : VMs defined inline may NOT replace previous VM definitions
2019-01-23 19:32:49,525 - Velocimacro : allowInlineLocal = false : VMs defined inline will be global in scope if allowed.
2019-01-23 19:32:49,525 - Velocimacro : autoload off : VM system will not automatically reload global library macros
2019-01-23 19:32:49,525 - Velocimacro : Velocimacro : initialization complete.
2019-01-23 19:32:49,525 - RuntimeInstance successfully initialized.
2019-01-23 19:32:49,562 - ResourceManager : found om/ControlGenerateJava.vm with loader org.apache.velocity.runtime.resource.loader.FileResourceLoader
2019-01-23 19:32:49,596 - ResourceManager : found om/java/allcommon/DBCurrent.vm with loader org.apache.velocity.runtime.resource.loader.FileResourceLoader
2019-01-23 19:32:49,600 - ResourceManager : found om/java/allcommon/DBFluteConfig.vm with loader org.apache.velocity.runtime.resource.loader.FileResourceLoader
2019-01-23 19:32:49,603 - Null reference [template 'om/java/allcommon/DBFluteConfig.vm', line 1158, column 59] : $PoolGuardConnectionWrapper cannot be resolved.
2019-01-23 19:32:49,606 - ResourceManager : found om/java/allcommon/DBFluteInitializer.vm with loader org.apache.velocity.runtime.resource.loader.FileResourceLoader
2019-01-23 19:32:49,608 - ResourceManager : found om/java/allcommon/DBMetaInstanceHandler.vm with loader org.apache.velocity.runtime.resource.loader.FileResourceLoader
2019-01-23 19:32:49,615 - ResourceManager : found om/java/allcommon/EntityDefinedCommonColumn.vm with loader org.apache.velocity.runtime.resource.loader.FileResourceLoader
2019-01-23 19:32:49,618 - ResourceManager : found om/java/allcommon/ImplementedBehaviorSelector.vm with loader org.apache.velocity.runtime.resource.loader.FileResourceLoader
2019-01-23 19:32:49,620 - ResourceManager : found om/java/allcommon/ImplementedCommonColumnAutoSetupper.vm with loader org.apache.velocity.runtime.resource.loader.FileResourceLoader
2019-01-23 19:32:49,622 - ResourceManager : found om/java/allcommon/ImplementedInvokerAssistant.vm with loader org.apache.velocity.runtime.resource.loader.FileResourceLoader
2019-01-23 19:32:49,624 - ResourceManager : found om/java/allcommon/ImplementedSqlClauseCreator.vm with loader org.apache.velocity.runtime.resource.loader.FileResourceLoader
2019-01-23 19:32:49,629 - ResourceManager : found om/java/allcommon/container/spring/SpringDBFluteBeansJavaConfig.vm with loader org.apache.velocity.runtime.resource.loader.FileResourceLoader
2019-01-23 19:32:49,645 - Null reference [template 'om/ControlGenerateJava.vm', line 293, column 38] : ${glPackageExtendedDao} cannot be resolved.
2019-01-23 19:32:49,645 - Null reference [template 'om/ControlGenerateJava.vm', line 296, column 34] : ${glPackageBaseDao} cannot be resolved.
2019-01-23 19:32:49,655 - ResourceManager : found om/java/bsbhv/BaseBhv.vm with loader org.apache.velocity.runtime.resource.loader.FileResourceLoader
2019-01-23 19:32:49,674 - ResourceManager : found om/java/bsbhv/ReferrerLoader.vm with loader org.apache.velocity.runtime.resource.loader.FileResourceLoader
2019-01-23 19:32:49,680 - ResourceManager : found om/java/bsentity/BaseEntity.vm with loader org.apache.velocity.runtime.resource.loader.FileResourceLoader
2019-01-23 19:32:49,692 - ResourceManager : found om/java/bsentity/dbmeta/DBMetaImpl.vm with loader org.apache.velocity.runtime.resource.loader.FileResourceLoader
2019-01-23 19:32:49,702 - ResourceManager : found om/java/cbean/BsConditionBean.vm with loader org.apache.velocity.runtime.resource.loader.FileResourceLoader
2019-01-23 19:32:49,716 - ResourceManager : found om/java/cbean/AbstractBsConditionQuery.vm with loader org.apache.velocity.runtime.resource.loader.FileResourceLoader
2019-01-23 19:32:49,717 - RHS of #set statement is null. Context will not be modified. om/java/cbean/AbstractBsConditionQuery.vm[line 70, column 1]
2019-01-23 19:32:49,719 - RHS of #set statement is null. Context will not be modified. om/java/cbean/AbstractBsConditionQuery.vm[line 70, column 1]
2019-01-23 19:32:49,720 - RHS of #set statement is null. Context will not be modified. om/java/cbean/AbstractBsConditionQuery.vm[line 70, column 1]
2019-01-23 19:32:49,725 - ResourceManager : found om/java/cbean/BsConditionInlineQuery.vm with loader org.apache.velocity.runtime.resource.loader.FileResourceLoader
2019-01-23 19:32:49,726 - RHS of #set statement is null. Context will not be modified. om/java/cbean/BsConditionInlineQuery.vm[line 84, column 1]
2019-01-23 19:32:49,726 - RHS of #set statement is null. Context will not be modified. om/java/cbean/BsConditionInlineQuery.vm[line 84, column 1]
2019-01-23 19:32:49,726 - RHS of #set statement is null. Context will not be modified. om/java/cbean/BsConditionInlineQuery.vm[line 84, column 1]
2019-01-23 19:32:49,733 - ResourceManager : found om/java/cbean/BsConditionQuery.vm with loader org.apache.velocity.runtime.resource.loader.FileResourceLoader
2019-01-23 19:32:49,733 - RHS of #set statement is null. Context will not be modified. om/java/cbean/BsConditionQuery.vm[line 104, column 1]
2019-01-23 19:32:49,734 - RHS of #set statement is null. Context will not be modified. om/java/cbean/BsConditionQuery.vm[line 104, column 1]
2019-01-23 19:32:49,734 - RHS of #set statement is null. Context will not be modified. om/java/cbean/BsConditionQuery.vm[line 104, column 1]
2019-01-23 19:32:49,737 - ResourceManager : found om/java/cbean/NestSelectSetupper.vm with loader org.apache.velocity.runtime.resource.loader.FileResourceLoader
2019-01-23 19:32:49,738 - Null reference [template 'om/ControlGenerateJava.vm', line 293, column 38] : ${glPackageExtendedDao} cannot be resolved.
2019-01-23 19:32:49,738 - Null reference [template 'om/ControlGenerateJava.vm', line 296, column 34] : ${glPackageBaseDao} cannot be resolved.
2019-01-23 19:32:49,744 - ResourceManager : found om/java/bsbhv/BaseBhv.vm with loader org.apache.velocity.runtime.resource.loader.FileResourceLoader
2019-01-23 19:32:49,751 - ResourceManager : found om/java/bsbhv/ReferrerLoader.vm with loader org.apache.velocity.runtime.resource.loader.FileResourceLoader
2019-01-23 19:32:49,756 - ResourceManager : found om/java/bsentity/BaseEntity.vm with loader org.apache.velocity.runtime.resource.loader.FileResourceLoader
2019-01-23 19:32:49,761 - ResourceManager : found om/java/bsentity/dbmeta/DBMetaImpl.vm with loader org.apache.velocity.runtime.resource.loader.FileResourceLoader
2019-01-23 19:32:49,769 - ResourceManager : found om/java/cbean/BsConditionBean.vm with loader org.apache.velocity.runtime.resource.loader.FileResourceLoader
2019-01-23 19:32:49,770 - Null reference [template 'om/java/cbean/BsConditionBean.vm', line 442, column 118] : ${dynamicFixedConditionVariables} cannot be resolved.
2019-01-23 19:32:49,778 - ResourceManager : found om/java/cbean/AbstractBsConditionQuery.vm with loader org.apache.velocity.runtime.resource.loader.FileResourceLoader
2019-01-23 19:32:49,778 - RHS of #set statement is null. Context will not be modified. om/java/cbean/AbstractBsConditionQuery.vm[line 70, column 1]
2019-01-23 19:32:49,779 - RHS of #set statement is null. Context will not be modified. om/java/cbean/AbstractBsConditionQuery.vm[line 70, column 1]
2019-01-23 19:32:49,783 - ResourceManager : found om/java/cbean/BsConditionInlineQuery.vm with loader org.apache.velocity.runtime.resource.loader.FileResourceLoader
2019-01-23 19:32:49,783 - RHS of #set statement is null. Context will not be modified. om/java/cbean/BsConditionInlineQuery.vm[line 84, column 1]
2019-01-23 19:32:49,783 - RHS of #set statement is null. Context will not be modified. om/java/cbean/BsConditionInlineQuery.vm[line 84, column 1]
2019-01-23 19:32:49,789 - ResourceManager : found om/java/cbean/BsConditionQuery.vm with loader org.apache.velocity.runtime.resource.loader.FileResourceLoader
2019-01-23 19:32:49,789 - RHS of #set statement is null. Context will not be modified. om/java/cbean/BsConditionQuery.vm[line 104, column 1]
2019-01-23 19:32:49,789 - RHS of #set statement is null. Context will not be modified. om/java/cbean/BsConditionQuery.vm[line 104, column 1]
2019-01-23 19:32:49,791 - ResourceManager : found om/java/cbean/NestSelectSetupper.vm with loader org.apache.velocity.runtime.resource.loader.FileResourceLoader
2019-01-23 19:32:50,674 - 
2019-01-23 19:32:50,674 - DfFlutistLog4JLogSystem initialized using logfile './log/velocity.log'
2019-01-23 19:32:50,674 - Initializing Velocity, Calling init()...
2019-01-23 19:32:50,674 - *******************************************************************
2019-01-23 19:32:50,674 - Starting Apache Velocity v1.7 (compiled: 2010-11-19 12:14:37)
2019-01-23 19:32:50,674 - RuntimeInstance initializing.
2019-01-23 19:32:50,674 - Default Properties File: org/apache/velocity/runtime/defaults/velocity.properties
2019-01-23 19:32:50,674 - Trying to use logger class org.dbflute.friends.velocity.DfFlutistLog4JLogSystem
2019-01-23 19:32:50,674 - Using logger class org.dbflute.friends.velocity.DfFlutistLog4JLogSystem
2019-01-23 19:32:50,675 - Default ResourceManager initializing. (class org.apache.velocity.runtime.resource.ResourceManagerImpl)
2019-01-23 19:32:50,676 - ResourceLoader instantiated: org.apache.velocity.runtime.resource.loader.FileResourceLoader
2019-01-23 19:32:50,677 - FileResourceLoader : initialization starting.
2019-01-23 19:32:50,677 - Do unicode file recognition:  false
2019-01-23 19:32:50,677 - FileResourceLoader : adding path '/Users/kotaro.nishiyama/IdeaProjects/kotlin-spling-boot/mydbflute/dbflute-1.1.9/templates'
2019-01-23 19:32:50,677 - FileResourceLoader : initialization complete.
2019-01-23 19:32:50,683 - ResourceCache: initialized (class org.apache.velocity.runtime.resource.ResourceCacheImpl) with class java.util.Collections$SynchronizedMap cache map.
2019-01-23 19:32:50,683 - Default ResourceManager initialization complete.
2019-01-23 19:32:50,690 - Loaded System Directive: org.apache.velocity.runtime.directive.Stop
2019-01-23 19:32:50,693 - Loaded System Directive: org.apache.velocity.runtime.directive.Define
2019-01-23 19:32:50,693 - Loaded System Directive: org.apache.velocity.runtime.directive.Break
2019-01-23 19:32:50,693 - Loaded System Directive: org.apache.velocity.runtime.directive.Evaluate
2019-01-23 19:32:50,694 - Loaded System Directive: org.apache.velocity.runtime.directive.Literal
2019-01-23 19:32:50,694 - Loaded System Directive: org.apache.velocity.runtime.directive.Macro
2019-01-23 19:32:50,695 - Loaded System Directive: org.apache.velocity.runtime.directive.Parse
2019-01-23 19:32:50,696 - Loaded System Directive: org.apache.velocity.runtime.directive.Include
2019-01-23 19:32:50,696 - Loaded System Directive: org.apache.velocity.runtime.directive.Foreach
2019-01-23 19:32:50,713 - Created '20' parsers.
2019-01-23 19:32:50,717 - Velocimacro : initialization starting.
2019-01-23 19:32:50,717 - Velocimacro : "velocimacro.library" is not set.  Trying default library: VM_global_library.vm
2019-01-23 19:32:50,717 - Velocimacro : Default library not found.
2019-01-23 19:32:50,717 - Velocimacro : allowInline = true : VMs can be defined inline in templates
2019-01-23 19:32:50,717 - Velocimacro : allowInlineToOverride = false : VMs defined inline may NOT replace previous VM definitions
2019-01-23 19:32:50,717 - Velocimacro : allowInlineLocal = false : VMs defined inline will be global in scope if allowed.
2019-01-23 19:32:50,717 - Velocimacro : autoload off : VM system will not automatically reload global library macros
2019-01-23 19:32:50,717 - Velocimacro : Velocimacro : initialization complete.
2019-01-23 19:32:50,717 - RuntimeInstance successfully initialized.
2019-01-23 19:32:50,746 - ResourceManager : found om/ControlSql2EntityJava.vm with loader org.apache.velocity.runtime.resource.loader.FileResourceLoader
2019-01-25 19:25:22,494 - 
2019-01-25 19:25:22,494 - DfFlutistLog4JLogSystem initialized using logfile './log/velocity.log'
2019-01-25 19:25:22,494 - Initializing Velocity, Calling init()...
2019-01-25 19:25:22,494 - *******************************************************************
2019-01-25 19:25:22,494 - Starting Apache Velocity v1.7 (compiled: 2010-11-19 12:14:37)
2019-01-25 19:25:22,494 - RuntimeInstance initializing.
2019-01-25 19:25:22,494 - Default Properties File: org/apache/velocity/runtime/defaults/velocity.properties
2019-01-25 19:25:22,494 - Trying to use logger class org.dbflute.friends.velocity.DfFlutistLog4JLogSystem
2019-01-25 19:25:22,494 - Using logger class org.dbflute.friends.velocity.DfFlutistLog4JLogSystem
2019-01-25 19:25:22,496 - Default ResourceManager initializing. (class org.apache.velocity.runtime.resource.ResourceManagerImpl)
2019-01-25 19:25:22,498 - ResourceLoader instantiated: org.apache.velocity.runtime.resource.loader.FileResourceLoader
2019-01-25 19:25:22,499 - FileResourceLoader : initialization starting.
2019-01-25 19:25:22,499 - Do unicode file recognition:  false
2019-01-25 19:25:22,499 - FileResourceLoader : adding path '/Users/kotaronishiyama/IdeaProjects/kotlin-dbflute/mydbflute/dbflute-1.1.9/templates'
2019-01-25 19:25:22,499 - FileResourceLoader : initialization complete.
2019-01-25 19:25:22,514 - ResourceCache: initialized (class org.apache.velocity.runtime.resource.ResourceCacheImpl) with class java.util.Collections$SynchronizedMap cache map.
2019-01-25 19:25:22,514 - Default ResourceManager initialization complete.
2019-01-25 19:25:22,518 - Loaded System Directive: org.apache.velocity.runtime.directive.Stop
2019-01-25 19:25:22,519 - Loaded System Directive: org.apache.velocity.runtime.directive.Define
2019-01-25 19:25:22,520 - Loaded System Directive: org.apache.velocity.runtime.directive.Break
2019-01-25 19:25:22,521 - Loaded System Directive: org.apache.velocity.runtime.directive.Evaluate
2019-01-25 19:25:22,522 - Loaded System Directive: org.apache.velocity.runtime.directive.Literal
2019-01-25 19:25:22,524 - Loaded System Directive: org.apache.velocity.runtime.directive.Macro
2019-01-25 19:25:22,525 - Loaded System Directive: org.apache.velocity.runtime.directive.Parse
2019-01-25 19:25:22,527 - Loaded System Directive: org.apache.velocity.runtime.directive.Include
2019-01-25 19:25:22,528 - Loaded System Directive: org.apache.velocity.runtime.directive.Foreach
2019-01-25 19:25:22,559 - Created '20' parsers.
2019-01-25 19:25:22,564 - Velocimacro : initialization starting.
2019-01-25 19:25:22,564 - Velocimacro : "velocimacro.library" is not set.  Trying default library: VM_global_library.vm
2019-01-25 19:25:22,570 - Velocimacro : Default library not found.
2019-01-25 19:25:22,570 - Velocimacro : allowInline = true : VMs can be defined inline in templates
2019-01-25 19:25:22,570 - Velocimacro : allowInlineToOverride = false : VMs defined inline may NOT replace previous VM definitions
2019-01-25 19:25:22,570 - Velocimacro : allowInlineLocal = false : VMs defined inline will be global in scope if allowed.
2019-01-25 19:25:22,570 - Velocimacro : autoload off : VM system will not automatically reload global library macros
2019-01-25 19:25:22,570 - Velocimacro : Velocimacro : initialization complete.
2019-01-25 19:25:22,570 - RuntimeInstance successfully initialized.
2019-01-25 19:25:22,590 - ResourceManager : found doc/ControlDocument.vm with loader org.apache.velocity.runtime.resource.loader.FileResourceLoader
2019-01-25 19:25:22,776 - Velocimacro : added VM escape: source=doc/html/datamodel.vm
2019-01-25 19:25:22,778 - ResourceManager : found doc/html/datamodel.vm with loader org.apache.velocity.runtime.resource.loader.FileResourceLoader
2019-01-25 19:25:22,853 - ResourceManager : found doc/html/table.vm with loader org.apache.velocity.runtime.resource.loader.FileResourceLoader
2019-01-25 19:25:22,890 - ResourceManager : found doc/html/table.vm with loader org.apache.velocity.runtime.resource.loader.FileResourceLoader
2019-01-25 19:25:22,920 - Velocimacro : VM addition rejected : escape : inline not allowed to replace existing VM
2019-01-25 19:25:22,921 - ResourceManager : found doc/html/diffmodel.vm with loader org.apache.velocity.runtime.resource.loader.FileResourceLoader
2019-01-25 19:25:25,090 - 
2019-01-25 19:25:25,090 - DfFlutistLog4JLogSystem initialized using logfile './log/velocity.log'
2019-01-25 19:25:25,090 - Initializing Velocity, Calling init()...
2019-01-25 19:25:25,090 - *******************************************************************
2019-01-25 19:25:25,090 - Starting Apache Velocity v1.7 (compiled: 2010-11-19 12:14:37)
2019-01-25 19:25:25,090 - RuntimeInstance initializing.
2019-01-25 19:25:25,090 - Default Properties File: org/apache/velocity/runtime/defaults/velocity.properties
2019-01-25 19:25:25,090 - Trying to use logger class org.dbflute.friends.velocity.DfFlutistLog4JLogSystem
2019-01-25 19:25:25,090 - Using logger class org.dbflute.friends.velocity.DfFlutistLog4JLogSystem
2019-01-25 19:25:25,097 - Default ResourceManager initializing. (class org.apache.velocity.runtime.resource.ResourceManagerImpl)
2019-01-25 19:25:25,106 - ResourceLoader instantiated: org.apache.velocity.runtime.resource.loader.FileResourceLoader
2019-01-25 19:25:25,107 - FileResourceLoader : initialization starting.
2019-01-25 19:25:25,108 - Do unicode file recognition:  false
2019-01-25 19:25:25,108 - FileResourceLoader : adding path '/Users/kotaronishiyama/IdeaProjects/kotlin-dbflute/mydbflute/dbflute-1.1.9/templates'
2019-01-25 19:25:25,108 - FileResourceLoader : initialization complete.
2019-01-25 19:25:25,122 - ResourceCache: initialized (class org.apache.velocity.runtime.resource.ResourceCacheImpl) with class java.util.Collections$SynchronizedMap cache map.
2019-01-25 19:25:25,122 - Default ResourceManager initialization complete.
2019-01-25 19:25:25,127 - Loaded System Directive: org.apache.velocity.runtime.directive.Stop
2019-01-25 19:25:25,130 - Loaded System Directive: org.apache.velocity.runtime.directive.Define
2019-01-25 19:25:25,131 - Loaded System Directive: org.apache.velocity.runtime.directive.Break
2019-01-25 19:25:25,132 - Loaded System Directive: org.apache.velocity.runtime.directive.Evaluate
2019-01-25 19:25:25,133 - Loaded System Directive: org.apache.velocity.runtime.directive.Literal
2019-01-25 19:25:25,135 - Loaded System Directive: org.apache.velocity.runtime.directive.Macro
2019-01-25 19:25:25,137 - Loaded System Directive: org.apache.velocity.runtime.directive.Parse
2019-01-25 19:25:25,138 - Loaded System Directive: org.apache.velocity.runtime.directive.Include
2019-01-25 19:25:25,140 - Loaded System Directive: org.apache.velocity.runtime.directive.Foreach
2019-01-25 19:25:25,177 - Created '20' parsers.
2019-01-25 19:25:25,185 - Velocimacro : initialization starting.
2019-01-25 19:25:25,185 - Velocimacro : "velocimacro.library" is not set.  Trying default library: VM_global_library.vm
2019-01-25 19:25:25,185 - Velocimacro : Default library not found.
2019-01-25 19:25:25,186 - Velocimacro : allowInline = true : VMs can be defined inline in templates
2019-01-25 19:25:25,186 - Velocimacro : allowInlineToOverride = false : VMs defined inline may NOT replace previous VM definitions
2019-01-25 19:25:25,186 - Velocimacro : allowInlineLocal = false : VMs defined inline will be global in scope if allowed.
2019-01-25 19:25:25,186 - Velocimacro : autoload off : VM system will not automatically reload global library macros
2019-01-25 19:25:25,186 - Velocimacro : Velocimacro : initialization complete.
2019-01-25 19:25:25,186 - RuntimeInstance successfully initialized.
2019-01-25 19:25:25,291 - ResourceManager : found om/ControlGenerateJava.vm with loader org.apache.velocity.runtime.resource.loader.FileResourceLoader
2019-01-25 19:25:25,374 - ResourceManager : found om/java/allcommon/DBCurrent.vm with loader org.apache.velocity.runtime.resource.loader.FileResourceLoader
2019-01-25 19:25:25,395 - ResourceManager : found om/java/allcommon/DBFluteConfig.vm with loader org.apache.velocity.runtime.resource.loader.FileResourceLoader
2019-01-25 19:25:25,407 - Null reference [template 'om/java/allcommon/DBFluteConfig.vm', line 1158, column 59] : $PoolGuardConnectionWrapper cannot be resolved.
2019-01-25 19:25:25,411 - ResourceManager : found om/java/allcommon/DBFluteInitializer.vm with loader org.apache.velocity.runtime.resource.loader.FileResourceLoader
2019-01-25 19:25:25,415 - ResourceManager : found om/java/allcommon/DBMetaInstanceHandler.vm with loader org.apache.velocity.runtime.resource.loader.FileResourceLoader
2019-01-25 19:25:25,443 - ResourceManager : found om/java/allcommon/EntityDefinedCommonColumn.vm with loader org.apache.velocity.runtime.resource.loader.FileResourceLoader
2019-01-25 19:25:25,452 - ResourceManager : found om/java/allcommon/ImplementedBehaviorSelector.vm with loader org.apache.velocity.runtime.resource.loader.FileResourceLoader
2019-01-25 19:25:25,456 - ResourceManager : found om/java/allcommon/ImplementedCommonColumnAutoSetupper.vm with loader org.apache.velocity.runtime.resource.loader.FileResourceLoader
2019-01-25 19:25:25,459 - ResourceManager : found om/java/allcommon/ImplementedInvokerAssistant.vm with loader org.apache.velocity.runtime.resource.loader.FileResourceLoader
2019-01-25 19:25:25,462 - ResourceManager : found om/java/allcommon/ImplementedSqlClauseCreator.vm with loader org.apache.velocity.runtime.resource.loader.FileResourceLoader
2019-01-25 19:25:25,482 - ResourceManager : found om/java/allcommon/container/spring/SpringDBFluteBeansJavaConfig.vm with loader org.apache.velocity.runtime.resource.loader.FileResourceLoader
2019-01-25 19:25:25,548 - Null reference [template 'om/ControlGenerateJava.vm', line 293, column 38] : ${glPackageExtendedDao} cannot be resolved.
2019-01-25 19:25:25,548 - Null reference [template 'om/ControlGenerateJava.vm', line 296, column 34] : ${glPackageBaseDao} cannot be resolved.
2019-01-25 19:25:25,593 - ResourceManager : found om/java/bsbhv/BaseBhv.vm with loader org.apache.velocity.runtime.resource.loader.FileResourceLoader
2019-01-25 19:25:25,646 - ResourceManager : found om/java/bsbhv/ReferrerLoader.vm with loader org.apache.velocity.runtime.resource.loader.FileResourceLoader
2019-01-25 19:25:25,657 - ResourceManager : found om/java/bsentity/BaseEntity.vm with loader org.apache.velocity.runtime.resource.loader.FileResourceLoader
2019-01-25 19:25:25,680 - ResourceManager : found om/java/bsentity/dbmeta/DBMetaImpl.vm with loader org.apache.velocity.runtime.resource.loader.FileResourceLoader
2019-01-25 19:25:25,701 - ResourceManager : found om/java/cbean/BsConditionBean.vm with loader org.apache.velocity.runtime.resource.loader.FileResourceLoader
2019-01-25 19:25:25,726 - ResourceManager : found om/java/cbean/AbstractBsConditionQuery.vm with loader org.apache.velocity.runtime.resource.loader.FileResourceLoader
2019-01-25 19:25:25,728 - RHS of #set statement is null. Context will not be modified. om/java/cbean/AbstractBsConditionQuery.vm[line 70, column 1]
2019-01-25 19:25:25,731 - RHS of #set statement is null. Context will not be modified. om/java/cbean/AbstractBsConditionQuery.vm[line 70, column 1]
2019-01-25 19:25:25,733 - RHS of #set statement is null. Context will not be modified. om/java/cbean/AbstractBsConditionQuery.vm[line 70, column 1]
2019-01-25 19:25:25,743 - ResourceManager : found om/java/cbean/BsConditionInlineQuery.vm with loader org.apache.velocity.runtime.resource.loader.FileResourceLoader
2019-01-25 19:25:25,743 - RHS of #set statement is null. Context will not be modified. om/java/cbean/BsConditionInlineQuery.vm[line 84, column 1]
2019-01-25 19:25:25,744 - RHS of #set statement is null. Context will not be modified. om/java/cbean/BsConditionInlineQuery.vm[line 84, column 1]
2019-01-25 19:25:25,744 - RHS of #set statement is null. Context will not be modified. om/java/cbean/BsConditionInlineQuery.vm[line 84, column 1]
2019-01-25 19:25:25,755 - ResourceManager : found om/java/cbean/BsConditionQuery.vm with loader org.apache.velocity.runtime.resource.loader.FileResourceLoader
2019-01-25 19:25:25,756 - RHS of #set statement is null. Context will not be modified. om/java/cbean/BsConditionQuery.vm[line 104, column 1]
2019-01-25 19:25:25,756 - RHS of #set statement is null. Context will not be modified. om/java/cbean/BsConditionQuery.vm[line 104, column 1]
2019-01-25 19:25:25,756 - RHS of #set statement is null. Context will not be modified. om/java/cbean/BsConditionQuery.vm[line 104, column 1]
2019-01-25 19:25:25,761 - ResourceManager : found om/java/cbean/NestSelectSetupper.vm with loader org.apache.velocity.runtime.resource.loader.FileResourceLoader
2019-01-25 19:25:25,764 - Null reference [template 'om/ControlGenerateJava.vm', line 293, column 38] : ${glPackageExtendedDao} cannot be resolved.
2019-01-25 19:25:25,764 - Null reference [template 'om/ControlGenerateJava.vm', line 296, column 34] : ${glPackageBaseDao} cannot be resolved.
2019-01-25 19:25:25,789 - ResourceManager : found om/java/bsbhv/BaseBhv.vm with loader org.apache.velocity.runtime.resource.loader.FileResourceLoader
2019-01-25 19:25:25,808 - ResourceManager : found om/java/bsbhv/ReferrerLoader.vm with loader org.apache.velocity.runtime.resource.loader.FileResourceLoader
2019-01-25 19:25:25,819 - ResourceManager : found om/java/bsentity/BaseEntity.vm with loader org.apache.velocity.runtime.resource.loader.FileResourceLoader
2019-01-25 19:25:25,832 - ResourceManager : found om/java/bsentity/dbmeta/DBMetaImpl.vm with loader org.apache.velocity.runtime.resource.loader.FileResourceLoader
2019-01-25 19:25:25,846 - ResourceManager : found om/java/cbean/BsConditionBean.vm with loader org.apache.velocity.runtime.resource.loader.FileResourceLoader
2019-01-25 19:25:25,847 - Null reference [template 'om/java/cbean/BsConditionBean.vm', line 442, column 118] : ${dynamicFixedConditionVariables} cannot be resolved.
2019-01-25 19:25:25,866 - ResourceManager : found om/java/cbean/AbstractBsConditionQuery.vm with loader org.apache.velocity.runtime.resource.loader.FileResourceLoader
2019-01-25 19:25:25,867 - RHS of #set statement is null. Context will not be modified. om/java/cbean/AbstractBsConditionQuery.vm[line 70, column 1]
2019-01-25 19:25:25,869 - RHS of #set statement is null. Context will not be modified. om/java/cbean/AbstractBsConditionQuery.vm[line 70, column 1]
2019-01-25 19:25:25,874 - ResourceManager : found om/java/cbean/BsConditionInlineQuery.vm with loader org.apache.velocity.runtime.resource.loader.FileResourceLoader
2019-01-25 19:25:25,875 - RHS of #set statement is null. Context will not be modified. om/java/cbean/BsConditionInlineQuery.vm[line 84, column 1]
2019-01-25 19:25:25,875 - RHS of #set statement is null. Context will not be modified. om/java/cbean/BsConditionInlineQuery.vm[line 84, column 1]
2019-01-25 19:25:25,884 - ResourceManager : found om/java/cbean/BsConditionQuery.vm with loader org.apache.velocity.runtime.resource.loader.FileResourceLoader
2019-01-25 19:25:25,885 - RHS of #set statement is null. Context will not be modified. om/java/cbean/BsConditionQuery.vm[line 104, column 1]
2019-01-25 19:25:25,885 - RHS of #set statement is null. Context will not be modified. om/java/cbean/BsConditionQuery.vm[line 104, column 1]
2019-01-25 19:25:25,889 - ResourceManager : found om/java/cbean/NestSelectSetupper.vm with loader org.apache.velocity.runtime.resource.loader.FileResourceLoader
2019-01-25 19:25:27,517 - 
2019-01-25 19:25:27,517 - DfFlutistLog4JLogSystem initialized using logfile './log/velocity.log'
2019-01-25 19:25:27,518 - Initializing Velocity, Calling init()...
2019-01-25 19:25:27,518 - *******************************************************************
2019-01-25 19:25:27,518 - Starting Apache Velocity v1.7 (compiled: 2010-11-19 12:14:37)
2019-01-25 19:25:27,518 - RuntimeInstance initializing.
2019-01-25 19:25:27,518 - Default Properties File: org/apache/velocity/runtime/defaults/velocity.properties
2019-01-25 19:25:27,518 - Trying to use logger class org.dbflute.friends.velocity.DfFlutistLog4JLogSystem
2019-01-25 19:25:27,518 - Using logger class org.dbflute.friends.velocity.DfFlutistLog4JLogSystem
2019-01-25 19:25:27,523 - Default ResourceManager initializing. (class org.apache.velocity.runtime.resource.ResourceManagerImpl)
2019-01-25 19:25:27,533 - ResourceLoader instantiated: org.apache.velocity.runtime.resource.loader.FileResourceLoader
2019-01-25 19:25:27,535 - FileResourceLoader : initialization starting.
2019-01-25 19:25:27,535 - Do unicode file recognition:  false
2019-01-25 19:25:27,535 - FileResourceLoader : adding path '/Users/kotaronishiyama/IdeaProjects/kotlin-dbflute/mydbflute/dbflute-1.1.9/templates'
2019-01-25 19:25:27,535 - FileResourceLoader : initialization complete.
2019-01-25 19:25:27,546 - ResourceCache: initialized (class org.apache.velocity.runtime.resource.ResourceCacheImpl) with class java.util.Collections$SynchronizedMap cache map.
2019-01-25 19:25:27,546 - Default ResourceManager initialization complete.
2019-01-25 19:25:27,547 - Loaded System Directive: org.apache.velocity.runtime.directive.Stop
2019-01-25 19:25:27,548 - Loaded System Directive: org.apache.velocity.runtime.directive.Define
2019-01-25 19:25:27,549 - Loaded System Directive: org.apache.velocity.runtime.directive.Break
2019-01-25 19:25:27,550 - Loaded System Directive: org.apache.velocity.runtime.directive.Evaluate
2019-01-25 19:25:27,550 - Loaded System Directive: org.apache.velocity.runtime.directive.Literal
2019-01-25 19:25:27,551 - Loaded System Directive: org.apache.velocity.runtime.directive.Macro
2019-01-25 19:25:27,553 - Loaded System Directive: org.apache.velocity.runtime.directive.Parse
2019-01-25 19:25:27,554 - Loaded System Directive: org.apache.velocity.runtime.directive.Include
2019-01-25 19:25:27,556 - Loaded System Directive: org.apache.velocity.runtime.directive.Foreach
2019-01-25 19:25:27,595 - Created '20' parsers.
2019-01-25 19:25:27,601 - Velocimacro : initialization starting.
2019-01-25 19:25:27,601 - Velocimacro : "velocimacro.library" is not set.  Trying default library: VM_global_library.vm
2019-01-25 19:25:27,601 - Velocimacro : Default library not found.
2019-01-25 19:25:27,601 - Velocimacro : allowInline = true : VMs can be defined inline in templates
2019-01-25 19:25:27,601 - Velocimacro : allowInlineToOverride = false : VMs defined inline may NOT replace previous VM definitions
2019-01-25 19:25:27,601 - Velocimacro : allowInlineLocal = false : VMs defined inline will be global in scope if allowed.
2019-01-25 19:25:27,601 - Velocimacro : autoload off : VM system will not automatically reload global library macros
2019-01-25 19:25:27,601 - Velocimacro : Velocimacro : initialization complete.
2019-01-25 19:25:27,601 - RuntimeInstance successfully initialized.
2019-01-25 19:25:27,643 - ResourceManager : found om/ControlSql2EntityJava.vm with loader org.apache.velocity.runtime.resource.loader.FileResourceLoader
